<?xml version="1.0" encoding="UTF-8"?>
<!-- Generated by org.testng.reporters.JUnitXMLReporter -->
<testsuite hostname="LAPTOP-GORURFBI" ignored="1" name="Test1" tests="2" failures="0" timestamp="29 Jan 2021 06:44:24 GMT" time="0.034" errors="0">
  <testcase name="tc2" time="0.008" classname="org.login.tester.A1"/>
  <testcase name="tc3" time="0.002" classname="org.login.tester.A1"/>
  <testcase name="tc1" time="0.0" classname="org.login.tester.A1">
    <ignored/>
  </testcase> <!-- tc1 -->
</testsuite> <!-- Test1 -->
